<?xml version="1.0" encoding="UTF-8"?>
<!-- Generated by org.testng.reporters.JUnitReportReporter -->
<testsuite hostname="bhushah-mac" failures="0" tests="1" name="AmazonTestScenario" time="26.426" errors="0" timestamp="2022-03-13T17:07:18 IST" skipped="0">
  <testcase classname="AmazonTestScenario" name="test" time="26.426"/>
  <system-out/>
</testsuite> <!-- AmazonTestScenario -->
